\BOOKMARK [0][-]{chapter*.9}{Table des figures}{}% 1
\BOOKMARK [0][-]{chapter.1}{ Introduction a la gravitation }{}% 2
\BOOKMARK [-1][-]{part.1}{I Introduction \340 la RG}{}% 3
\BOOKMARK [0][-]{section.1.1}{Introduction}{part.1}% 4
\BOOKMARK [1][-]{section.1.2}{La Gravitation comme g\351om\351trie de l'espace-temps}{section.1.1}% 5
\BOOKMARK [1][-]{section.1.3}{Equations d'Einstein \340 partir du formalisme lagrangien}{section.1.1}% 6
\BOOKMARK [2][-]{subsection.1.3.1}{Equations de champs}{section.1.3}% 7
\BOOKMARK [2][-]{subsection.1.3.2}{Non-lin\351arit\351 des \351quations de champ}{section.1.3}% 8
\BOOKMARK [2][-]{subsection.1.3.3}{Propri\351t\351s du tenseur d'Einstein}{section.1.3}% 9
\BOOKMARK [2][-]{subsection.1.3.4}{Conservation de l'\351nergie et du moment}{section.1.3}% 10
\BOOKMARK [-1][-]{part.2}{II Approximation des champs faibles}{}% 11
\BOOKMARK [0][-]{section.1.4}{Equation de Continuit\351}{part.2}% 12
\BOOKMARK [1][-]{section.1.5}{Equation de Poisson}{section.1.4}% 13
\BOOKMARK [1][-]{section.1.6}{Deuxi\350me loi de Newton}{section.1.4}% 14
\BOOKMARK [1][-]{section.1.7}{Interpr\351tation physique}{section.1.4}% 15
\BOOKMARK [0][-]{chapter.2}{Introduction \340 la cosmologie}{part.2}% 16
\BOOKMARK [1][-]{section.2.1}{Introduction}{chapter.2}% 17
\BOOKMARK [1][-]{section.2.2}{Espace homog\350ne et isotrope - M\351trique de Robertson-Walker}{chapter.2}% 18
\BOOKMARK [1][-]{section.2.3}{Equations de Friedman}{chapter.2}% 19
\BOOKMARK [1][-]{section.2.4}{Diff\351rentes solutions des \351quations de Friedmann}{chapter.2}% 20
\BOOKMARK [1][-]{section.2.5}{Equations de Friedmann en m\351canique Newtonienne}{chapter.2}% 21
\BOOKMARK [1][-]{section.2.6}{Propagation de la lumi\350re dans l'Univers- D\351calage vers le rouge}{chapter.2}% 22
\BOOKMARK [1][-]{section.2.7}{Horizons}{chapter.2}% 23
\BOOKMARK [1][-]{section.2.8}{Densit\351 critique de l'Univers}{chapter.2}% 24
\BOOKMARK [1][-]{section.2.9}{Le futur de l'Univers}{chapter.2}% 25
\BOOKMARK [0][-]{chapter.3}{L'acc\351l\351ration de l'Univers et mod\350les de gravit\351}{part.2}% 26
\BOOKMARK [1][-]{section.3.1}{Le mod\350le cosmologique standard}{chapter.3}% 27
\BOOKMARK [2][-]{subsection.3.1.1}{M\351trique de FLRW }{section.3.1}% 28
\BOOKMARK [2][-]{subsection.3.1.2}{Relativit\351 G\351n\351rale et \351quations de Friedmann}{section.3.1}% 29
\BOOKMARK [2][-]{subsection.3.1.3}{Equation d'\351tat de la mati\350re et \351volution de l'Univers }{section.3.1}% 30
\BOOKMARK [1][-]{section.3.2}{Mod\351lisation et preuves exp\351rimentales de l'existence de l'\351nergie noire}{chapter.3}% 31
\BOOKMARK [2][-]{subsection.3.2.1}{Mod\351lisation de l'\351nergie noire}{section.3.2}% 32
\BOOKMARK [2][-]{subsection.3.2.2}{Supernovae de type Ia}{section.3.2}% 33
\BOOKMARK [2][-]{subsection.3.2.3}{ \302ge de l'Univers }{section.3.2}% 34
\BOOKMARK [2][-]{subsection.3.2.4}{Fond diffus cosmologique}{section.3.2}% 35
\BOOKMARK [2][-]{subsection.3.2.5}{Oscillations Acoustiques des Baryons \(BAO\)}{section.3.2}% 36
\BOOKMARK [2][-]{subsection.3.2.6}{Mesures combin\351es}{section.3.2}% 37
\BOOKMARK [1][-]{section.3.3}{\311nergie noire ou gravit\351 modifi\351e ?}{chapter.3}% 38
\BOOKMARK [2][-]{subsection.3.3.1}{Le probl\350me de la constante cosmologique}{section.3.3}% 39
\BOOKMARK [2][-]{subsection.3.3.2}{Mod\350les restant dans le cadre de la Relativit\351 G\351n\351rale}{section.3.3}% 40
\BOOKMARK [2][-]{subsection.3.3.3}{Mod\350les de gravit\351 modifi\351e}{section.3.3}% 41
\BOOKMARK [0][-]{chapter.4}{Conclusion g\351n\351rale et perspectives}{part.2}% 42
