This is pdfTeX, Version 3.14159265-2.6-1.40.18 (MiKTeX 2.9.6300 64-bit) (preloaded format=pdflatex 2020.9.11)  7 APR 2021 11:28
entering extended mode
**./anselme.tex
(anselme.tex
LaTeX2e <2017-04-15>
Babel <3.9t> and hyphenation patterns for 76 language(s) loaded.
("C:\Users\hado\AppData\Local\Programs\MiKTeX 2.9\tex\latex\base\report.cls"
Document Class: report 2014/09/29 v1.4h Standard LaTeX document class
("C:\Users\hado\AppData\Local\Programs\MiKTeX 2.9\tex\latex\base\size12.clo"
File: size12.clo 2014/09/29 v1.4h Standard LaTeX file (size option)
)
\c@part=\count79
\c@chapter=\count80
\c@section=\count81
\c@subsection=\count82
\c@subsubsection=\count83
\c@paragraph=\count84
\c@subparagraph=\count85
\c@figure=\count86
\c@table=\count87
\abovecaptionskip=\skip41
\belowcaptionskip=\skip42
\bibindent=\dimen102
)
(minitoc.sty
Package: minitoc 2000/12/13 v34 Package minitoc, patched for hyperref

*** minitoc package, version 34 ***
*** patched for hyperref ***
*** part level macros available ***
*** chapter level macros available ***
\tf@mtc=\write3
*** Autoconfiguration of extensions ***
\openout3 = `anselme.mtc1'.

\openout3 = `anselme.mtc'.

(anselme.mtc1)
\openout3 = `anselme.mtc'.

\openout3 = `anselme.mtc1'.


*** Long extensions (Unix-like) will be used ***
==> this version is configured for UNIX-like (long extensions) file names.
\mtc@toks=\toks14
\mtc@strutbox=\box26
\c@mtc=\count88
\c@minitocdepth=\count89
\mtcindent=\skip43
\c@ptc=\count90
\c@parttocdepth=\count91
\ptcindent=\skip44
("C:\Users\hado\AppData\Local\Programs\MiKTeX 2.9\tex\latex\minitoc\english.mld
"
File: english.mld 2006/01/13
)
("C:\Users\hado\AppData\Local\Programs\MiKTeX 2.9\tex\latex\minitoc\french.mld"
File: french.mld 2006/03/21
)) ("C:\Users\hado\AppData\Local\Programs\MiKTeX 2.9\tex\latex\ucs\ucs.sty"
Package: ucs 2013/05/11 v2.2 UCS: Unicode input support

("C:\Users\hado\AppData\Local\Programs\MiKTeX 2.9\tex\latex\ucs\uni-global.def"
File: uni-global.def 2013/05/13 UCS: Unicode global data
)
\uc@secondtry=\count92
\uc@combtoks=\toks15
\uc@combtoksb=\toks16
\uc@temptokena=\toks17
) ("C:\Users\hado\AppData\Local\Programs\MiKTeX 2.9\tex\latex\base\inputenc.sty
"
Package: inputenc 2015/03/17 v1.2c Input encoding file
\inpenc@prehook=\toks18
\inpenc@posthook=\toks19
 ("C:\Users\hado\AppData\Local\Programs\MiKTeX 2.9\tex\latex\ucs\utf8x.def"
File: utf8x.def 2004/10/17 UCS: Input encoding UTF-8
)) ("C:\Users\hado\AppData\Local\Programs\MiKTeX 2.9\tex\generic\babel\babel.st
y"
Package: babel 2017/04/28 3.9t The Babel package
*************************************
* Local config file bblopts.cfg used
*
("C:\Users\hado\AppData\Local\Programs\MiKTeX 2.9\tex\latex\arabi\bblopts.cfg"
File: bblopts.cfg 2005/09/08 v0.1 add Arabic and Farsi to "declared" options of
 babel
)
("C:\Users\hado\AppData\Local\Programs\MiKTeX 2.9\tex\generic\babel-french\fren
chb.ldf"
Language: frenchb 2017/04/30 v3.3a French support from the babel system

("C:\Users\hado\AppData\Local\Programs\MiKTeX 2.9\tex\generic\babel\babel.def"
File: babel.def 2017/04/28 3.9t Babel common definitions
\babel@savecnt=\count93
\U@D=\dimen103
)
\l@acadian = a dialect from \language\l@french 
\l@canadien = a dialect from \language\l@french 
\FB@nonchar=\count94
\FBcolonsp=\toks20
\FBthinsp=\toks21
Package babel Info: Making : an active character on input line 362.
Package babel Info: Making ; an active character on input line 363.
Package babel Info: Making ! an active character on input line 364.
Package babel Info: Making ? an active character on input line 365.
\FBguillsp=\toks22
\FBguill@level=\count95
\FB@everypar=\toks23
\FB@Mht=\dimen104
\mc@charclass=\count96
\mc@charfam=\count97
\mc@charslot=\count98
\std@mcc=\count99
\dec@mcc=\count100
\listindentFB=\skip45
\descindentFB=\skip46
\labelwidthFB=\skip47
\leftmarginFB=\skip48
\parindentFFN=\dimen105
\FBfnindent=\skip49
))
("C:\Users\hado\AppData\Local\Programs\MiKTeX 2.9\tex\latex\carlisle\scalefnt.s
ty")
("C:\Users\hado\AppData\Local\Programs\MiKTeX 2.9\tex\latex\graphics\keyval.sty
"
Package: keyval 2014/10/28 v1.15 key=value parser (DPC)
\KV@toks@=\toks24
)
("C:\Users\hado\AppData\Local\Programs\MiKTeX 2.9\tex\latex\pgf\frontendlayer\t
ikz.sty"
("C:\Users\hado\AppData\Local\Programs\MiKTeX 2.9\tex\latex\pgf\basiclayer\pgf.
sty"
("C:\Users\hado\AppData\Local\Programs\MiKTeX 2.9\tex\latex\pgf\utilities\pgfrc
s.sty"
("C:\Users\hado\AppData\Local\Programs\MiKTeX 2.9\tex\generic\pgf\utilities\pgf
util-common.tex"
\pgfutil@everybye=\toks25
\pgfutil@tempdima=\dimen106
\pgfutil@tempdimb=\dimen107

("C:\Users\hado\AppData\Local\Programs\MiKTeX 2.9\tex\generic\pgf\utilities\pgf
util-common-lists.tex"))
("C:\Users\hado\AppData\Local\Programs\MiKTeX 2.9\tex\generic\pgf\utilities\pgf
util-latex.def"
\pgfutil@abb=\box27

("C:\Users\hado\AppData\Local\Programs\MiKTeX 2.9\tex\latex\ms\everyshi.sty"
Package: everyshi 2001/05/15 v3.00 EveryShipout Package (MS)
))
("C:\Users\hado\AppData\Local\Programs\MiKTeX 2.9\tex\generic\pgf\utilities\pgf
rcs.code.tex"
Package: pgfrcs 2015/08/07 v3.0.1a (rcs-revision 1.31)
))
Package: pgf 2015/08/07 v3.0.1a (rcs-revision 1.15)

("C:\Users\hado\AppData\Local\Programs\MiKTeX 2.9\tex\latex\pgf\basiclayer\pgfc
ore.sty"
("C:\Users\hado\AppData\Local\Programs\MiKTeX 2.9\tex\latex\graphics\graphicx.s
ty"
Package: graphicx 2014/10/28 v1.0g Enhanced LaTeX Graphics (DPC,SPQR)

("C:\Users\hado\AppData\Local\Programs\MiKTeX 2.9\tex\latex\graphics\graphics.s
ty"
Package: graphics 2017/04/14 v1.1b Standard LaTeX Graphics (DPC,SPQR)

("C:\Users\hado\AppData\Local\Programs\MiKTeX 2.9\tex\latex\graphics\trig.sty"
Package: trig 2016/01/03 v1.10 sin cos tan (DPC)
)
("C:\Users\hado\AppData\Local\Programs\MiKTeX 2.9\tex\latex\graphics-cfg\graphi
cs.cfg"
File: graphics.cfg 2016/06/04 v1.11 sample graphics configuration
)
Package graphics Info: Driver file: pdftex.def on input line 99.

("C:\Users\hado\AppData\Local\Programs\MiKTeX 2.9\tex\latex\graphics-def\pdftex
.def"
File: pdftex.def 2017/01/12 v0.06k Graphics/color for pdfTeX

("C:\Users\hado\AppData\Local\Programs\MiKTeX 2.9\tex\generic\oberdiek\infwarer
r.sty"
Package: infwarerr 2016/05/16 v1.4 Providing info/warning/error messages (HO)
)
("C:\Users\hado\AppData\Local\Programs\MiKTeX 2.9\tex\generic\oberdiek\ltxcmds.
sty"
Package: ltxcmds 2016/05/16 v1.23 LaTeX kernel commands for general use (HO)
)
\Gread@gobject=\count101
))
\Gin@req@height=\dimen108
\Gin@req@width=\dimen109
)
("C:\Users\hado\AppData\Local\Programs\MiKTeX 2.9\tex\latex\pgf\systemlayer\pgf
sys.sty"
("C:\Users\hado\AppData\Local\Programs\MiKTeX 2.9\tex\generic\pgf\systemlayer\p
gfsys.code.tex"
Package: pgfsys 2014/07/09 v3.0.1a (rcs-revision 1.48)

("C:\Users\hado\AppData\Local\Programs\MiKTeX 2.9\tex\generic\pgf\utilities\pgf
keys.code.tex"
\pgfkeys@pathtoks=\toks26
\pgfkeys@temptoks=\toks27

("C:\Users\hado\AppData\Local\Programs\MiKTeX 2.9\tex\generic\pgf\utilities\pgf
keysfiltered.code.tex"
\pgfkeys@tmptoks=\toks28
))
\pgf@x=\dimen110
\pgf@y=\dimen111
\pgf@xa=\dimen112
\pgf@ya=\dimen113
\pgf@xb=\dimen114
\pgf@yb=\dimen115
\pgf@xc=\dimen116
\pgf@yc=\dimen117
\w@pgf@writea=\write4
\r@pgf@reada=\read1
\c@pgf@counta=\count102
\c@pgf@countb=\count103
\c@pgf@countc=\count104
\c@pgf@countd=\count105
\t@pgf@toka=\toks29
\t@pgf@tokb=\toks30
\t@pgf@tokc=\toks31

("C:\Users\hado\AppData\Local\Programs\MiKTeX 2.9\tex\generic\pgf\systemlayer\p
gf.cfg"
File: pgf.cfg 2008/05/14  (rcs-revision 1.7)
)
Driver file for pgf: pgfsys-pdftex.def

("C:\Users\hado\AppData\Local\Programs\MiKTeX 2.9\tex\generic\pgf\systemlayer\p
gfsys-pdftex.def"
File: pgfsys-pdftex.def 2014/10/11  (rcs-revision 1.35)

("C:\Users\hado\AppData\Local\Programs\MiKTeX 2.9\tex\generic\pgf\systemlayer\p
gfsys-common-pdf.def"
File: pgfsys-common-pdf.def 2013/10/10  (rcs-revision 1.13)
)))
("C:\Users\hado\AppData\Local\Programs\MiKTeX 2.9\tex\generic\pgf\systemlayer\p
gfsyssoftpath.code.tex"
File: pgfsyssoftpath.code.tex 2013/09/09  (rcs-revision 1.9)
\pgfsyssoftpath@smallbuffer@items=\count106
\pgfsyssoftpath@bigbuffer@items=\count107
)
("C:\Users\hado\AppData\Local\Programs\MiKTeX 2.9\tex\generic\pgf\systemlayer\p
gfsysprotocol.code.tex"
File: pgfsysprotocol.code.tex 2006/10/16  (rcs-revision 1.4)
))
("C:\Users\hado\AppData\Local\Programs\MiKTeX 2.9\tex\latex\xcolor\xcolor.sty"
Package: xcolor 2016/05/11 v2.12 LaTeX color extensions (UK)

("C:\Users\hado\AppData\Local\Programs\MiKTeX 2.9\tex\latex\graphics-cfg\color.
cfg"
File: color.cfg 2016/01/02 v1.6 sample color configuration
)
Package xcolor Info: Driver file: pdftex.def on input line 225.
Package xcolor Info: Model `cmy' substituted by `cmy0' on input line 1348.
Package xcolor Info: Model `hsb' substituted by `rgb' on input line 1352.
Package xcolor Info: Model `RGB' extended on input line 1364.
Package xcolor Info: Model `HTML' substituted by `rgb' on input line 1366.
Package xcolor Info: Model `Hsb' substituted by `hsb' on input line 1367.
Package xcolor Info: Model `tHsb' substituted by `hsb' on input line 1368.
Package xcolor Info: Model `HSB' substituted by `hsb' on input line 1369.
Package xcolor Info: Model `Gray' substituted by `gray' on input line 1370.
Package xcolor Info: Model `wave' substituted by `hsb' on input line 1371.
)
("C:\Users\hado\AppData\Local\Programs\MiKTeX 2.9\tex\generic\pgf\basiclayer\pg
fcore.code.tex"
Package: pgfcore 2010/04/11 v3.0.1a (rcs-revision 1.7)

("C:\Users\hado\AppData\Local\Programs\MiKTeX 2.9\tex\generic\pgf\math\pgfmath.
code.tex"
("C:\Users\hado\AppData\Local\Programs\MiKTeX 2.9\tex\generic\pgf\math\pgfmathc
alc.code.tex"
("C:\Users\hado\AppData\Local\Programs\MiKTeX 2.9\tex\generic\pgf\math\pgfmathu
til.code.tex")
("C:\Users\hado\AppData\Local\Programs\MiKTeX 2.9\tex\generic\pgf\math\pgfmathp
arser.code.tex"
\pgfmath@dimen=\dimen118
\pgfmath@count=\count108
\pgfmath@box=\box28
\pgfmath@toks=\toks32
\pgfmath@stack@operand=\toks33
\pgfmath@stack@operation=\toks34
)
("C:\Users\hado\AppData\Local\Programs\MiKTeX 2.9\tex\generic\pgf\math\pgfmathf
unctions.code.tex"
("C:\Users\hado\AppData\Local\Programs\MiKTeX 2.9\tex\generic\pgf\math\pgfmathf
unctions.basic.code.tex")
("C:\Users\hado\AppData\Local\Programs\MiKTeX 2.9\tex\generic\pgf\math\pgfmathf
unctions.trigonometric.code.tex")
("C:\Users\hado\AppData\Local\Programs\MiKTeX 2.9\tex\generic\pgf\math\pgfmathf
unctions.random.code.tex")
("C:\Users\hado\AppData\Local\Programs\MiKTeX 2.9\tex\generic\pgf\math\pgfmathf
unctions.comparison.code.tex")
("C:\Users\hado\AppData\Local\Programs\MiKTeX 2.9\tex\generic\pgf\math\pgfmathf
unctions.base.code.tex")
("C:\Users\hado\AppData\Local\Programs\MiKTeX 2.9\tex\generic\pgf\math\pgfmathf
unctions.round.code.tex")
("C:\Users\hado\AppData\Local\Programs\MiKTeX 2.9\tex\generic\pgf\math\pgfmathf
unctions.misc.code.tex")
("C:\Users\hado\AppData\Local\Programs\MiKTeX 2.9\tex\generic\pgf\math\pgfmathf
unctions.integerarithmetics.code.tex")))
("C:\Users\hado\AppData\Local\Programs\MiKTeX 2.9\tex\generic\pgf\math\pgfmathf
loat.code.tex"
\c@pgfmathroundto@lastzeros=\count109
))
("C:\Users\hado\AppData\Local\Programs\MiKTeX 2.9\tex\generic\pgf\basiclayer\pg
fcorepoints.code.tex"
File: pgfcorepoints.code.tex 2013/10/07  (rcs-revision 1.27)
\pgf@picminx=\dimen119
\pgf@picmaxx=\dimen120
\pgf@picminy=\dimen121
\pgf@picmaxy=\dimen122
\pgf@pathminx=\dimen123
\pgf@pathmaxx=\dimen124
\pgf@pathminy=\dimen125
\pgf@pathmaxy=\dimen126
\pgf@xx=\dimen127
\pgf@xy=\dimen128
\pgf@yx=\dimen129
\pgf@yy=\dimen130
\pgf@zx=\dimen131
\pgf@zy=\dimen132
)
("C:\Users\hado\AppData\Local\Programs\MiKTeX 2.9\tex\generic\pgf\basiclayer\pg
fcorepathconstruct.code.tex"
File: pgfcorepathconstruct.code.tex 2013/10/07  (rcs-revision 1.29)
\pgf@path@lastx=\dimen133
\pgf@path@lasty=\dimen134
)
("C:\Users\hado\AppData\Local\Programs\MiKTeX 2.9\tex\generic\pgf\basiclayer\pg
fcorepathusage.code.tex"
File: pgfcorepathusage.code.tex 2014/11/02  (rcs-revision 1.24)
\pgf@shorten@end@additional=\dimen135
\pgf@shorten@start@additional=\dimen136
)
("C:\Users\hado\AppData\Local\Programs\MiKTeX 2.9\tex\generic\pgf\basiclayer\pg
fcorescopes.code.tex"
File: pgfcorescopes.code.tex 2015/05/08  (rcs-revision 1.46)
\pgfpic=\box29
\pgf@hbox=\box30
\pgf@layerbox@main=\box31
\pgf@picture@serial@count=\count110
)
("C:\Users\hado\AppData\Local\Programs\MiKTeX 2.9\tex\generic\pgf\basiclayer\pg
fcoregraphicstate.code.tex"
File: pgfcoregraphicstate.code.tex 2014/11/02  (rcs-revision 1.12)
\pgflinewidth=\dimen137
)
("C:\Users\hado\AppData\Local\Programs\MiKTeX 2.9\tex\generic\pgf\basiclayer\pg
fcoretransformations.code.tex"
File: pgfcoretransformations.code.tex 2015/08/07  (rcs-revision 1.20)
\pgf@pt@x=\dimen138
\pgf@pt@y=\dimen139
\pgf@pt@temp=\dimen140
)
("C:\Users\hado\AppData\Local\Programs\MiKTeX 2.9\tex\generic\pgf\basiclayer\pg
fcorequick.code.tex"
File: pgfcorequick.code.tex 2008/10/09  (rcs-revision 1.3)
)
("C:\Users\hado\AppData\Local\Programs\MiKTeX 2.9\tex\generic\pgf\basiclayer\pg
fcoreobjects.code.tex"
File: pgfcoreobjects.code.tex 2006/10/11  (rcs-revision 1.2)
)
("C:\Users\hado\AppData\Local\Programs\MiKTeX 2.9\tex\generic\pgf\basiclayer\pg
fcorepathprocessing.code.tex"
File: pgfcorepathprocessing.code.tex 2013/09/09  (rcs-revision 1.9)
)
("C:\Users\hado\AppData\Local\Programs\MiKTeX 2.9\tex\generic\pgf\basiclayer\pg
fcorearrows.code.tex"
File: pgfcorearrows.code.tex 2015/05/14  (rcs-revision 1.43)
\pgfarrowsep=\dimen141
)
("C:\Users\hado\AppData\Local\Programs\MiKTeX 2.9\tex\generic\pgf\basiclayer\pg
fcoreshade.code.tex"
File: pgfcoreshade.code.tex 2013/07/15  (rcs-revision 1.15)
\pgf@max=\dimen142
\pgf@sys@shading@range@num=\count111
)
("C:\Users\hado\AppData\Local\Programs\MiKTeX 2.9\tex\generic\pgf\basiclayer\pg
fcoreimage.code.tex"
File: pgfcoreimage.code.tex 2013/07/15  (rcs-revision 1.18)

("C:\Users\hado\AppData\Local\Programs\MiKTeX 2.9\tex\generic\pgf\basiclayer\pg
fcoreexternal.code.tex"
File: pgfcoreexternal.code.tex 2014/07/09  (rcs-revision 1.21)
\pgfexternal@startupbox=\box32
))
("C:\Users\hado\AppData\Local\Programs\MiKTeX 2.9\tex\generic\pgf\basiclayer\pg
fcorelayers.code.tex"
File: pgfcorelayers.code.tex 2013/07/18  (rcs-revision 1.7)
)
("C:\Users\hado\AppData\Local\Programs\MiKTeX 2.9\tex\generic\pgf\basiclayer\pg
fcoretransparency.code.tex"
File: pgfcoretransparency.code.tex 2013/09/30  (rcs-revision 1.5)
)
("C:\Users\hado\AppData\Local\Programs\MiKTeX 2.9\tex\generic\pgf\basiclayer\pg
fcorepatterns.code.tex"
File: pgfcorepatterns.code.tex 2013/11/07  (rcs-revision 1.5)
)))
("C:\Users\hado\AppData\Local\Programs\MiKTeX 2.9\tex\generic\pgf\modules\pgfmo
duleshapes.code.tex"
File: pgfmoduleshapes.code.tex 2014/03/21  (rcs-revision 1.35)
\pgfnodeparttextbox=\box33
)
("C:\Users\hado\AppData\Local\Programs\MiKTeX 2.9\tex\generic\pgf\modules\pgfmo
duleplot.code.tex"
File: pgfmoduleplot.code.tex 2015/08/03  (rcs-revision 1.13)
)
("C:\Users\hado\AppData\Local\Programs\MiKTeX 2.9\tex\latex\pgf\compatibility\p
gfcomp-version-0-65.sty"
Package: pgfcomp-version-0-65 2007/07/03 v3.0.1a (rcs-revision 1.7)
\pgf@nodesepstart=\dimen143
\pgf@nodesepend=\dimen144
)
("C:\Users\hado\AppData\Local\Programs\MiKTeX 2.9\tex\latex\pgf\compatibility\p
gfcomp-version-1-18.sty"
Package: pgfcomp-version-1-18 2007/07/23 v3.0.1a (rcs-revision 1.1)
))
("C:\Users\hado\AppData\Local\Programs\MiKTeX 2.9\tex\latex\pgf\utilities\pgffo
r.sty"
("C:\Users\hado\AppData\Local\Programs\MiKTeX 2.9\tex\latex\pgf\utilities\pgfke
ys.sty"
("C:\Users\hado\AppData\Local\Programs\MiKTeX 2.9\tex\generic\pgf\utilities\pgf
keys.code.tex"))
("C:\Users\hado\AppData\Local\Programs\MiKTeX 2.9\tex\latex\pgf\math\pgfmath.st
y"
("C:\Users\hado\AppData\Local\Programs\MiKTeX 2.9\tex\generic\pgf\math\pgfmath.
code.tex"))
("C:\Users\hado\AppData\Local\Programs\MiKTeX 2.9\tex\generic\pgf\utilities\pgf
for.code.tex"
Package: pgffor 2013/12/13 v3.0.1a (rcs-revision 1.25)

("C:\Users\hado\AppData\Local\Programs\MiKTeX 2.9\tex\generic\pgf\math\pgfmath.
code.tex")
\pgffor@iter=\dimen145
\pgffor@skip=\dimen146
\pgffor@stack=\toks35
\pgffor@toks=\toks36
))
("C:\Users\hado\AppData\Local\Programs\MiKTeX 2.9\tex\generic\pgf\frontendlayer
\tikz\tikz.code.tex"
Package: tikz 2015/08/07 v3.0.1a (rcs-revision 1.151)

("C:\Users\hado\AppData\Local\Programs\MiKTeX 2.9\tex\generic\pgf\libraries\pgf
libraryplothandlers.code.tex"
File: pgflibraryplothandlers.code.tex 2013/08/31 v3.0.1a (rcs-revision 1.20)
\pgf@plot@mark@count=\count112
\pgfplotmarksize=\dimen147
)
\tikz@lastx=\dimen148
\tikz@lasty=\dimen149
\tikz@lastxsaved=\dimen150
\tikz@lastysaved=\dimen151
\tikzleveldistance=\dimen152
\tikzsiblingdistance=\dimen153
\tikz@figbox=\box34
\tikz@figbox@bg=\box35
\tikz@tempbox=\box36
\tikz@tempbox@bg=\box37
\tikztreelevel=\count113
\tikznumberofchildren=\count114
\tikznumberofcurrentchild=\count115
\tikz@fig@count=\count116

("C:\Users\hado\AppData\Local\Programs\MiKTeX 2.9\tex\generic\pgf\modules\pgfmo
dulematrix.code.tex"
File: pgfmodulematrix.code.tex 2013/09/17  (rcs-revision 1.8)
\pgfmatrixcurrentrow=\count117
\pgfmatrixcurrentcolumn=\count118
\pgf@matrix@numberofcolumns=\count119
)
\tikz@expandcount=\count120

("C:\Users\hado\AppData\Local\Programs\MiKTeX 2.9\tex\generic\pgf\frontendlayer
\tikz\libraries\tikzlibrarytopaths.code.tex"
File: tikzlibrarytopaths.code.tex 2008/06/17 v3.0.1a (rcs-revision 1.2)
)))
("C:\Users\hado\AppData\Local\Programs\MiKTeX 2.9\tex\latex\amsmath\amstext.sty
"
Package: amstext 2000/06/29 v2.01 AMS text
 ("C:\Users\hado\AppData\Local\Programs\MiKTeX 2.9\tex\latex\amsmath\amsgen.sty
"
File: amsgen.sty 1999/11/30 v2.0 generic functions
\@emptytoks=\toks37
\ex@=\dimen154
))
("C:\Users\hado\AppData\Local\Programs\MiKTeX 2.9\tex\latex\amsmath\amsmath.sty
"
Package: amsmath 2016/11/05 v2.16a AMS math features
\@mathmargin=\skip50

For additional information on amsmath, use the `?' option.
("C:\Users\hado\AppData\Local\Programs\MiKTeX 2.9\tex\latex\amsmath\amsbsy.sty"
Package: amsbsy 1999/11/29 v1.2d Bold Symbols
\pmbraise@=\dimen155
) ("C:\Users\hado\AppData\Local\Programs\MiKTeX 2.9\tex\latex\amsmath\amsopn.st
y"
Package: amsopn 2016/03/08 v2.02 operator names
)
\inf@bad=\count121
LaTeX Info: Redefining \frac on input line 213.
\uproot@=\count122
\leftroot@=\count123
LaTeX Info: Redefining \overline on input line 375.
\classnum@=\count124
\DOTSCASE@=\count125
LaTeX Info: Redefining \ldots on input line 472.
LaTeX Info: Redefining \dots on input line 475.
LaTeX Info: Redefining \cdots on input line 596.
\Mathstrutbox@=\box38
\strutbox@=\box39
\big@size=\dimen156
LaTeX Font Info:    Redeclaring font encoding OML on input line 712.
LaTeX Font Info:    Redeclaring font encoding OMS on input line 713.
\macc@depth=\count126
\c@MaxMatrixCols=\count127
\dotsspace@=\muskip10
\c@parentequation=\count128
\dspbrk@lvl=\count129
\tag@help=\toks38
\row@=\count130
\column@=\count131
\maxfields@=\count132
\andhelp@=\toks39
\eqnshift@=\dimen157
\alignsep@=\dimen158
\tagshift@=\dimen159
\tagwidth@=\dimen160
\totwidth@=\dimen161
\lineht@=\dimen162
\@envbody=\toks40
\multlinegap=\skip51
\multlinetaggap=\skip52
\mathdisplay@stack=\toks41
LaTeX Info: Redefining \[ on input line 2817.
LaTeX Info: Redefining \] on input line 2818.
)
("C:\Users\hado\AppData\Local\Programs\MiKTeX 2.9\tex\latex\amsfonts\amssymb.st
y"
Package: amssymb 2013/01/14 v3.01 AMS font symbols

("C:\Users\hado\AppData\Local\Programs\MiKTeX 2.9\tex\latex\amsfonts\amsfonts.s
ty"
Package: amsfonts 2013/01/14 v3.01 Basic AMSFonts support
\symAMSa=\mathgroup4
\symAMSb=\mathgroup5
LaTeX Font Info:    Overwriting math alphabet `\mathfrak' in version `bold'
(Font)                  U/euf/m/n --> U/euf/b/n on input line 106.
))
("C:\Users\hado\AppData\Local\Programs\MiKTeX 2.9\tex\latex\amsfonts\eucal.sty"
Package: eucal 2009/06/22 v3.00 Euler Script fonts
LaTeX Font Info:    Overwriting math alphabet `\EuScript' in version `bold'
(Font)                  U/eus/m/n --> U/eus/b/n on input line 33.
)
("C:\Users\hado\AppData\Local\Programs\MiKTeX 2.9\tex\latex\graphics\rotating.s
ty"
Package: rotating 2016/08/11 v2.16d rotated objects in LaTeX
 ("C:\Users\hado\AppData\Local\Programs\MiKTeX 2.9\tex\latex\base\ifthen.sty"
Package: ifthen 2014/09/29 v1.1c Standard LaTeX ifthen package (DPC)
)
\c@r@tfl@t=\count133
\rotFPtop=\skip53
\rotFPbot=\skip54
\rot@float@box=\box40
\rot@mess@toks=\toks42
) ("C:\Users\hado\AppData\Local\Programs\MiKTeX 2.9\tex\latex\float\float.sty"
Package: float 2001/11/08 v1.3d Float enhancements (AL)
\c@float@type=\count134
\float@exts=\toks43
\float@box=\box41
\@float@everytoks=\toks44
\@floatcapt=\box42
)
("C:\Users\hado\AppData\Local\Programs\MiKTeX 2.9\tex\latex\setspace\setspace.s
ty"
Package: setspace 2011/12/19 v6.7a set line spacing
)
("C:\Users\hado\AppData\Local\Programs\MiKTeX 2.9\tex\latex\multirow\multirow.s
ty"
Package: multirow 2016/11/25 v2.2 Span multiple rows of a table
\multirow@colwidth=\skip55
\multirow@cntb=\count135
\multirow@dima=\skip56
\bigstrutjot=\dimen163
)
("C:\Users\hado\AppData\Local\Programs\MiKTeX 2.9\tex\latex\ctable\ctable.sty"
Package: ctable 2015/10/17 v1.31 ctable package for flexible typesetting of tab
le and figure floats using key/value directives

("C:\Users\hado\AppData\Local\Programs\MiKTeX 2.9\tex\generic\oberdiek\ifpdf.st
y"
Package: ifpdf 2017/03/15 v3.2 Provides the ifpdf switch
)
("C:\Users\hado\AppData\Local\Programs\MiKTeX 2.9\tex\latex\etoolbox\etoolbox.s
ty"
Package: etoolbox 2017/01/02 v2.4 e-TeX tools for LaTeX (JAW)
\etb@tempcnta=\count136
)
("C:\Users\hado\AppData\Local\Programs\MiKTeX 2.9\tex\latex\xkeyval\xkeyval.sty
"
Package: xkeyval 2014/12/03 v2.7a package option processing (HA)

("C:\Users\hado\AppData\Local\Programs\MiKTeX 2.9\tex\generic\xkeyval\xkeyval.t
ex"
("C:\Users\hado\AppData\Local\Programs\MiKTeX 2.9\tex\generic\xkeyval\xkvutils.
tex"
\XKV@toks=\toks45
\XKV@tempa@toks=\toks46
)
\XKV@depth=\count137
File: xkeyval.tex 2014/12/03 v2.7a key=value parser (HA)
))
("C:\Users\hado\AppData\Local\Programs\MiKTeX 2.9\tex\latex\tools\array.sty"
Package: array 2016/10/06 v2.4d Tabular extension package (FMi)
\col@sep=\dimen164
\extrarowheight=\dimen165
\NC@list=\toks47
\extratabsurround=\skip57
\backup@length=\skip58
)
("C:\Users\hado\AppData\Local\Programs\MiKTeX 2.9\tex\latex\tools\tabularx.sty"
Package: tabularx 2016/02/03 v2.11 `tabularx' package (DPC)
\TX@col@width=\dimen166
\TX@old@table=\dimen167
\TX@old@col=\dimen168
\TX@target=\dimen169
\TX@delta=\dimen170
\TX@cols=\count138
\TX@ftn=\toks48
)
("C:\Users\hado\AppData\Local\Programs\MiKTeX 2.9\tex\latex\booktabs\booktabs.s
ty"
Package: booktabs 2005/04/14 v1.61803 publication quality tables
\heavyrulewidth=\dimen171
\lightrulewidth=\dimen172
\cmidrulewidth=\dimen173
\belowrulesep=\dimen174
\belowbottomsep=\dimen175
\aboverulesep=\dimen176
\abovetopsep=\dimen177
\cmidrulesep=\dimen178
\cmidrulekern=\dimen179
\defaultaddspace=\dimen180
\@cmidla=\count139
\@cmidlb=\count140
\@aboverulesep=\dimen181
\@belowrulesep=\dimen182
\@thisruleclass=\count141
\@lastruleclass=\count142
\@thisrulewidth=\dimen183
)

Package ctable Warning:  Transparency disabled: incompatible with tikz package 
 on input line 36.

\@CTframesep=\dimen184
\@dfltCTframesep=\dimen185
\@CTframerule=\dimen186
\@dfltCTframerule=\dimen187
\@CTwidth=\dimen188
\@dfltCTwidth=\dimen189
\@CTcaptionskip=\dimen190
\@dfltCTcaptionskip=\dimen191
\@CTmaxwidth=\dimen192
\@dfltCTmaxwidth=\dimen193
\@CTmincapwidth=\dimen194
\@dfltCTmincapwidth=\dimen195
\@CTfooterwidth=\dimen196
\@dfltCTfooterwidth=\dimen197
\@CTw=\dimen198
\@CTfloatwidth=\dimen199
\@CToldsep=\dimen256
\@CToldrule=\dimen257
\CT@t=\box43
\@CTcurftwidth=\dimen258
) ("C:\Users\hado\AppData\Local\Programs\MiKTeX 2.9\tex\latex\amsmath\amscd.sty
"
Package: amscd 2017/04/14 v2.1 AMS Commutative Diagrams
\athelp@=\toks49
\minaw@=\dimen259
\bigaw@=\dimen260
\minCDarrowwidth=\dimen261
)
("C:\Users\hado\AppData\Local\Programs\MiKTeX 2.9\tex\latex\jknappen\mathrsfs.s
ty"
Package: mathrsfs 1996/01/01 Math RSFS package v1.0 (jk)
\symrsfs=\mathgroup6
)
("C:\Users\hado\AppData\Local\Programs\MiKTeX 2.9\tex\latex\amscls\amsthm.sty"
Package: amsthm 2015/03/04 v2.20.2
\thm@style=\toks50
\thm@bodyfont=\toks51
\thm@headfont=\toks52
\thm@notefont=\toks53
\thm@headpunct=\toks54
\thm@preskip=\skip59
\thm@postskip=\skip60
\thm@headsep=\skip61
\dth@everypar=\toks55
LaTeX Info: Redefining \qed on input line 264.
)
("C:\Users\hado\AppData\Local\Programs\MiKTeX 2.9\tex\latex\fancyhdr\fancyhdr.s
ty"
Package: fancyhdr 2016/09/06 3.8 Extensive control of page headers and footers
\fancy@headwidth=\skip62
\f@ncyO@elh=\skip63
\f@ncyO@erh=\skip64
\f@ncyO@olh=\skip65
\f@ncyO@orh=\skip66
\f@ncyO@elf=\skip67
\f@ncyO@erf=\skip68
\f@ncyO@olf=\skip69
\f@ncyO@orf=\skip70
)
("C:\Users\hado\AppData\Local\Programs\MiKTeX 2.9\tex\latex\graphics\epsfig.sty
"
Package: epsfig 1999/02/16 v1.7a (e)psfig emulation (SPQR)
\epsfxsize=\dimen262
\epsfysize=\dimen263
) ("C:\Users\hado\AppData\Local\Programs\MiKTeX 2.9\tex\latex\base\t1enc.sty"
Package: t1enc 1994/06/01 Standard LaTeX package
)

Package Fancyhdr Warning: \fancyfoot's `E' option without twoside option is use
less on input line 340.

("C:\Users\hado\AppData\Local\Programs\MiKTeX 2.9\tex\latex\base\newlfont.sty"
Package: newlfont 1998/08/17 v2.2m Standard LaTeX package
LaTeX Info: Redefining \em on input line 57.

("C:\Users\hado\AppData\Local\Programs\MiKTeX 2.9\tex\latex\base\latexsym.sty"
Package: latexsym 1998/08/17 v2.2e Standard LaTeX package (lasy symbols)
\symlasy=\mathgroup7
LaTeX Font Info:    Overwriting symbol font `lasy' in version `bold'
(Font)                  U/lasy/m/n --> U/lasy/b/n on input line 52.
))
\defbaselineskip=\skip71
\c@remark=\count143
\c@thm=\count144
\c@rap=\count145

("C:\Users\hado\AppData\Local\Programs\MiKTeX 2.9\tex\latex\hyperref\hyperref.s
ty"
Package: hyperref 2017/03/14 v6.85a Hypertext links for LaTeX

("C:\Users\hado\AppData\Local\Programs\MiKTeX 2.9\tex\generic\oberdiek\hobsub-h
yperref.sty"
Package: hobsub-hyperref 2016/05/16 v1.14 Bundle oberdiek, subset hyperref (HO)


("C:\Users\hado\AppData\Local\Programs\MiKTeX 2.9\tex\generic\oberdiek\hobsub-g
eneric.sty"
Package: hobsub-generic 2016/05/16 v1.14 Bundle oberdiek, subset generic (HO)
Package: hobsub 2016/05/16 v1.14 Construct package bundles (HO)
Package hobsub Info: Skipping package `infwarerr' (already loaded).
Package hobsub Info: Skipping package `ltxcmds' (already loaded).
Package: ifluatex 2016/05/16 v1.4 Provides the ifluatex switch (HO)
Package ifluatex Info: LuaTeX not detected.
Package: ifvtex 2016/05/16 v1.6 Detect VTeX and its facilities (HO)
Package ifvtex Info: VTeX not detected.
Package: intcalc 2016/05/16 v1.2 Expandable calculations with integers (HO)
Package hobsub Info: Skipping package `ifpdf' (already loaded).
Package: etexcmds 2016/05/16 v1.6 Avoid name clashes with e-TeX commands (HO)
Package etexcmds Info: Could not find \expanded.
(etexcmds)             That can mean that you are not using pdfTeX 1.50 or
(etexcmds)             that some package has redefined \expanded.
(etexcmds)             In the latter case, load this package earlier.
Package: kvsetkeys 2016/05/16 v1.17 Key value parser (HO)
Package: kvdefinekeys 2016/05/16 v1.4 Define keys (HO)
Package: pdftexcmds 2017/03/19 v0.25 Utility functions of pdfTeX for LuaTeX (HO
)
Package pdftexcmds Info: LuaTeX not detected.
Package pdftexcmds Info: \pdf@primitive is available.
Package pdftexcmds Info: \pdf@ifprimitive is available.
Package pdftexcmds Info: \pdfdraftmode found.
Package: pdfescape 2016/05/16 v1.14 Implements pdfTeX's escape features (HO)
Package: bigintcalc 2016/05/16 v1.4 Expandable calculations on big integers (HO
)
Package: bitset 2016/05/16 v1.2 Handle bit-vector datatype (HO)
Package: uniquecounter 2016/05/16 v1.3 Provide unlimited unique counter (HO)
)
Package hobsub Info: Skipping package `hobsub' (already loaded).
Package: letltxmacro 2016/05/16 v1.5 Let assignment for LaTeX macros (HO)
Package: hopatch 2016/05/16 v1.3 Wrapper for package hooks (HO)
Package: xcolor-patch 2016/05/16 xcolor patch
Package: atveryend 2016/05/16 v1.9 Hooks at the very end of document (HO)
Package: atbegshi 2016/06/09 v1.18 At begin shipout hook (HO)
Package: refcount 2016/05/16 v3.5 Data extraction from label references (HO)
Package: hycolor 2016/05/16 v1.8 Color options for hyperref/bookmark (HO)
)
("C:\Users\hado\AppData\Local\Programs\MiKTeX 2.9\tex\generic\ifxetex\ifxetex.s
ty"
Package: ifxetex 2010/09/12 v0.6 Provides ifxetex conditional
)
("C:\Users\hado\AppData\Local\Programs\MiKTeX 2.9\tex\latex\oberdiek\auxhook.st
y"
Package: auxhook 2016/05/16 v1.4 Hooks for auxiliary files (HO)
)
("C:\Users\hado\AppData\Local\Programs\MiKTeX 2.9\tex\latex\oberdiek\kvoptions.
sty"
Package: kvoptions 2016/05/16 v3.12 Key value format for package options (HO)
)
\@linkdim=\dimen264
\Hy@linkcounter=\count146
\Hy@pagecounter=\count147

("C:\Users\hado\AppData\Local\Programs\MiKTeX 2.9\tex\latex\hyperref\pd1enc.def
"
File: pd1enc.def 2017/03/14 v6.85a Hyperref: PDFDocEncoding definition (HO)
)
\Hy@SavedSpaceFactor=\count148

("C:\Users\hado\AppData\Local\Programs\MiKTeX 2.9\tex\latex\00miktex\hyperref.c
fg"
File: hyperref.cfg 2002/06/06 v1.2 hyperref configuration of TeXLive
)
Package hyperref Info: Option `pdfmenubar' set `true' on input line 4374.
Package hyperref Info: Option `bookmarks' set `true' on input line 4374.
Package hyperref Info: Option `pdftoolbar' set `true' on input line 4374.
Package hyperref Info: Hyper figures OFF on input line 4498.
Package hyperref Info: Link nesting OFF on input line 4503.
Package hyperref Info: Hyper index ON on input line 4506.
Package hyperref Info: Plain pages OFF on input line 4513.
Package hyperref Info: Backreferencing OFF on input line 4518.
Package hyperref Info: Implicit mode ON; LaTeX internals redefined.
Package hyperref Info: Bookmarks ON on input line 4751.
\c@Hy@tempcnt=\count149
 ("C:\Users\hado\AppData\Local\Programs\MiKTeX 2.9\tex\latex\url\url.sty"
\Urlmuskip=\muskip11
Package: url 2013/09/16  ver 3.4  Verb mode for urls, etc.
)
LaTeX Info: Redefining \url on input line 5104.
\XeTeXLinkMargin=\dimen265
\Fld@menulength=\count150
\Field@Width=\dimen266
\Fld@charsize=\dimen267
Package hyperref Info: Hyper figures OFF on input line 6358.
Package hyperref Info: Link nesting OFF on input line 6363.
Package hyperref Info: Hyper index ON on input line 6366.
Package hyperref Info: backreferencing OFF on input line 6373.
Package hyperref Info: Link coloring OFF on input line 6378.
Package hyperref Info: Link coloring with OCG OFF on input line 6383.
Package hyperref Info: PDF/A mode OFF on input line 6388.
LaTeX Info: Redefining \ref on input line 6428.
LaTeX Info: Redefining \pageref on input line 6432.
\Hy@abspage=\count151
\c@Item=\count152
\c@Hfootnote=\count153
)

Package hyperref Message: Driver: hpdftex.


("C:\Users\hado\AppData\Local\Programs\MiKTeX 2.9\tex\latex\hyperref\hpdftex.de
f"
File: hpdftex.def 2017/03/14 v6.85a Hyperref driver for pdfTeX
\Fld@listcount=\count154
\c@bookmark@seq@number=\count155

("C:\Users\hado\AppData\Local\Programs\MiKTeX 2.9\tex\latex\oberdiek\rerunfilec
heck.sty"
Package: rerunfilecheck 2016/05/16 v1.8 Rerun checks for auxiliary files (HO)
Package uniquecounter Info: New unique counter `rerunfilecheck' on input line 2
82.
)
\Hy@SectionHShift=\skip72
)
Package hyperref Info: Option `colorlinks' set `true' on input line 486.


Package hyperref Warning: Option `pdftex' has already been used,
(hyperref)                setting the option has no effect on input line 486.

(anselme.aux (figure.aux)

LaTeX Warning: Label `chapitre1' multiply defined.


LaTeX Warning: Label `aeq38' multiply defined.


LaTeX Warning: Label `171' multiply defined.


LaTeX Warning: Label `195' multiply defined.

)
\openout1 = `anselme.aux'.

LaTeX Font Info:    Checking defaults for OML/cmm/m/it on input line 506.
LaTeX Font Info:    ... okay on input line 506.
LaTeX Font Info:    Checking defaults for T1/cmr/m/n on input line 506.
LaTeX Font Info:    ... okay on input line 506.
LaTeX Font Info:    Checking defaults for OT1/cmr/m/n on input line 506.
LaTeX Font Info:    ... okay on input line 506.
LaTeX Font Info:    Checking defaults for OMS/cmsy/m/n on input line 506.
LaTeX Font Info:    ... okay on input line 506.
LaTeX Font Info:    Checking defaults for OMX/cmex/m/n on input line 506.
LaTeX Font Info:    ... okay on input line 506.
LaTeX Font Info:    Checking defaults for U/cmr/m/n on input line 506.
LaTeX Font Info:    ... okay on input line 506.
LaTeX Font Info:    Checking defaults for PD1/pdf/m/n on input line 506.
LaTeX Font Info:    ... okay on input line 506.
 ("C:\Users\hado\AppData\Local\Programs\MiKTeX 2.9\tex\latex\ucs\ucsencs.def"
File: ucsencs.def 2011/01/21 Fixes to fontencodings LGR, T3
)
LaTeX Info: Redefining \degres on input line 506.
LaTeX Info: Redefining \dots on input line 506.
LaTeX Info: Redefining \up on input line 506.
ABD: EveryShipout initializing macros
("C:\Users\hado\AppData\Local\Programs\MiKTeX 2.9\tex\context\base\supp-pdf.mki
i"
[Loading MPS to PDF converter (version 2006.09.02).]
\scratchcounter=\count156
\scratchdimen=\dimen268
\scratchbox=\box44
\nofMPsegments=\count157
\nofMParguments=\count158
\everyMPshowfont=\toks56
\MPscratchCnt=\count159
\MPscratchDim=\dimen269
\MPnumerator=\count160
\makeMPintoPDFobject=\count161
\everyMPtoPDFconversion=\toks57
)
("C:\Users\hado\AppData\Local\Programs\MiKTeX 2.9\tex\latex\oberdiek\epstopdf-b
ase.sty"
Package: epstopdf-base 2016/05/15 v2.6 Base part for package epstopdf

("C:\Users\hado\AppData\Local\Programs\MiKTeX 2.9\tex\latex\oberdiek\grfext.sty
"
Package: grfext 2016/05/16 v1.2 Manage graphics extensions (HO)
)
Package epstopdf-base Info: Redefining graphics rule for `.eps' on input line 4
38.
Package grfext Info: Graphics extension search list:
(grfext)             [.png,.pdf,.jpg,.mps,.jpeg,.jbig2,.jb2,.PNG,.PDF,.JPG,.JPE
G,.JBIG2,.JB2,.eps]
(grfext)             \AppendGraphicsExtensions on input line 456.
)
\AtBeginShipoutBox=\box45
Package hyperref Info: Link coloring ON on input line 506.

("C:\Users\hado\AppData\Local\Programs\MiKTeX 2.9\tex\latex\hyperref\nameref.st
y"
Package: nameref 2016/05/21 v2.44 Cross-referencing by name of section

("C:\Users\hado\AppData\Local\Programs\MiKTeX 2.9\tex\generic\oberdiek\gettitle
string.sty"
Package: gettitlestring 2016/05/16 v1.5 Cleanup title references (HO)
)
\c@section@level=\count162
)
LaTeX Info: Redefining \ref on input line 506.
LaTeX Info: Redefining \pageref on input line 506.
LaTeX Info: Redefining \nameref on input line 506.
 (anselme.out) (anselme.out)
\@outlinefile=\write5
\openout5 = `anselme.out'.


<logoUAC1.png, id=174, 160.6pt x 186.6975pt>
File: logoUAC1.png Graphic file (type png)
 <use logoUAC1.png>
Package pdftex.def Info: logoUAC1.png used on input line 523.
(pdftex.def)             Requested size: 80.29979pt x 93.34851pt.

<logosm.png, id=176, 435.87843pt x 451.6875pt>
File: logosm.png Graphic file (type png)
 <use logosm.png>
Package pdftex.def Info: logosm.png used on input line 525.
(pdftex.def)             Requested size: 87.17413pt x 90.33589pt.

Overfull \hbox (21.46336pt too wide) in paragraph at lines 522--527
[][] |   [] 
 []

LaTeX Font Info:    Try loading font information for U+msa on input line 533.
("C:\Users\hado\AppData\Local\Programs\MiKTeX 2.9\tex\latex\amsfonts\umsa.fd"
File: umsa.fd 2013/01/14 v3.01 AMS symbols A
)
LaTeX Font Info:    Try loading font information for U+msb on input line 533.

("C:\Users\hado\AppData\Local\Programs\MiKTeX 2.9\tex\latex\amsfonts\umsb.fd"
File: umsb.fd 2013/01/14 v3.01 AMS symbols B
)
LaTeX Font Info:    Try loading font information for U+rsfs on input line 533.

("C:\Users\hado\AppData\Local\Programs\MiKTeX 2.9\tex\latex\jknappen\ursfs.fd"
File: ursfs.fd 1998/03/24 rsfs font definition file (jk)
)
LaTeX Font Info:    Try loading font information for U+lasy on input line 533.
("C:\Users\hado\AppData\Local\Programs\MiKTeX 2.9\tex\latex\base\ulasy.fd"
File: ulasy.fd 1998/08/17 v2.2e LaTeX symbol font definitions
)
("C:\Users\hado\AppData\Local\Programs\MiKTeX 2.9\tex\latex\ucs\uni-0.def"
File: uni-0.def 2013/05/13 UCS: Unicode data U+0000..U+00FF
)
[1

{C:/Users/hado/AppData/Local/MiKTeX/2.9/pdftex/config/pdftex.map} <./logoUAC1.p
ng> <./logosm.png>]pdfTeX warning (ext4): destination with the same identifier 
(name{page.1}) has been already used, duplicate ignored
<to be read again> 
                   \relax 
l.642 \doparttoc
                 [1]
PREPARING PARTTOCS FROM anselme.toc
\openout3 = `anselme.bmt'.

\openout3 = `anselme.bmt'.

\openout3 = `anselme.bmt'.

\openout3 = `anselme.bmt'.

\openout3 = `anselme.bmt'.

\openout3 = `anselme.bmt'.

\openout3 = `anselme.bmt'.

Writing anselme.ptc1
\openout3 = `anselme.ptc1'.

Writing anselme.ptc2
\openout3 = `anselme.ptc2'.

\openout3 = `anselme.bmt'.

PREPARING PARTLOFS FROM anselme.lof
Writing anselme.plf1
\openout3 = `anselme.plf1'.

Writing anselme.plf2
\openout3 = `anselme.plf2'.


No file anselme.lot
PARTLOTS NOT PREPARED.

PREPARING MINITOCS FROM anselme.toc
\openout3 = `anselme.bmt'.

\openout3 = `anselme.bmt'.

\openout3 = `anselme.bmt'.

\openout3 = `anselme.bmt'.

\openout3 = `anselme.bmt'.

Writing anselme.mtc1
\openout3 = `anselme.mtc1'.

\openout3 = `anselme.bmt'.

\openout3 = `anselme.bmt'.

Writing anselme.mtc2
\openout3 = `anselme.mtc2'.

Writing anselme.mtc3
\openout3 = `anselme.mtc3'.

Writing anselme.mtc4
\openout3 = `anselme.mtc4'.

Writing anselme.mtc5
\openout3 = `anselme.mtc5'.

\openout3 = `anselme.bmt'.

PREPARING PARTTOCS FROM anselme.toc
\openout3 = `anselme.bmt'.

\openout3 = `anselme.bmt'.

\openout3 = `anselme.bmt'.

\openout3 = `anselme.bmt'.

\openout3 = `anselme.bmt'.

\openout3 = `anselme.bmt'.

\openout3 = `anselme.bmt'.

Writing anselme.ptc1
\openout3 = `anselme.ptc1'.

Writing anselme.ptc2
\openout3 = `anselme.ptc2'.

\openout3 = `anselme.bmt'.

PREPARING PARTLOFS FROM anselme.lof
Writing anselme.plf1
\openout3 = `anselme.plf1'.

Writing anselme.plf2
\openout3 = `anselme.plf2'.


No file anselme.lot
PARTLOTS NOT PREPARED.

PREPARING MINILOFS FROM anselme.lof
Writing anselme.mlf1
\openout3 = `anselme.mlf1'.

Writing anselme.mlf2
\openout3 = `anselme.mlf2'.

Writing anselme.mlf3
\openout3 = `anselme.mlf3'.

Writing anselme.mlf4
\openout3 = `anselme.mlf4'.


No file anselme.lot
MINILOTS NOT PREPARED.

PREPARING MINITOCS FROM anselme.toc
\openout3 = `anselme.bmt'.

\openout3 = `anselme.bmt'.

\openout3 = `anselme.bmt'.

\openout3 = `anselme.bmt'.

\openout3 = `anselme.bmt'.

Writing anselme.mtc1
\openout3 = `anselme.mtc1'.

\openout3 = `anselme.bmt'.

\openout3 = `anselme.bmt'.

Writing anselme.mtc2
\openout3 = `anselme.mtc2'.

Writing anselme.mtc3
\openout3 = `anselme.mtc3'.

Writing anselme.mtc4
\openout3 = `anselme.mtc4'.

Writing anselme.mtc5
\openout3 = `anselme.mtc5'.

\openout3 = `anselme.bmt'.

pdfTeX warning (ext4): destination with the same identifier (name{page.1}) has 
been already used, duplicate ignored
<to be read again> 
                   \relax 
l.670 \chapter
              *{Remerciements} [1

]
("C:\Users\hado\AppData\Local\Programs\MiKTeX 2.9\tex\latex\ucs\uni-32.def"
File: uni-32.def 2013/05/13 UCS: Unicode data U+2000..U+20FF
)
[2

] [3

] [4

] (anselme.toc [5

])
\tf@toc=\write6
\openout6 = `anselme.toc'.

 [6]
\openout2 = `figure.aux'.


No file figure.tex.
(anselme.lof

LaTeX Warning: Citation `1' on page 7 undefined on input line 10.


LaTeX Warning: Citation `2' on page 7 undefined on input line 11.

[7



])
\tf@lof=\write7
\openout7 = `anselme.lof'.

 [8] [9

] [10] [11] [12]
Chapitre 1.
(anselme.mtc2) [13

] [14

] (anselme.mtc2)

Package hyperref Warning: Difference (2) between bookmark levels is greater 
(hyperref)                than one, level fixed on input line 990.


Overfull \hbox (13.17601pt too wide) in paragraph at lines 995--995
[]\T1/cmr/bx/n/17.28 La Gra-vi-ta-tion comme géo-mé-trie de l'espace-temps 
 []

[15] [16]
Underfull \hbox (badness 10000) in paragraph at lines 1122--1128

 []

[17]
LaTeX Font Info:    Try loading font information for U+eus on input line 1131.

("C:\Users\hado\AppData\Local\Programs\MiKTeX 2.9\tex\latex\amsfonts\ueus.fd"
File: ueus.fd 2013/01/14 v3.01 Euler Script
)

Package amsmath Warning: Foreign command \over;
(amsmath)                \frac or \genfrac should be used instead
(amsmath)                 on input line 1134.

[18] [19] [20]

LaTeX Warning: Reference `aeq5' on page 21 undefined on input line 1306.


LaTeX Warning: Reference `aeq6' on page 21 undefined on input line 1306.


LaTeX Warning: Reference `aeq7' on page 21 undefined on input line 1306.


LaTeX Warning: Reference `aeq9' on page 21 undefined on input line 1307.


Underfull \hbox (badness 10000) in paragraph at lines 1306--1308

 []

[21]
Underfull \hbox (badness 10000) in paragraph at lines 1316--1318

 []

[22] [23] [24

] (anselme.mtc2)

Package hyperref Warning: Difference (2) between bookmark levels is greater 
(hyperref)                than one, level fixed on input line 1365.

[25] [26]
Underfull \hbox (badness 10000) in paragraph at lines 1448--1450

 []


Underfull \hbox (badness 10000) in paragraph at lines 1451--1455

 []

[27]
Underfull \hbox (badness 10000) in paragraph at lines 1462--1463

 []


Underfull \hbox (badness 10000) in paragraph at lines 1479--1481

 []

[28]
Underfull \hbox (badness 10000) in paragraph at lines 1525--1539

 []

[29]
Underfull \hbox (badness 10000) in paragraph at lines 1566--1567

 []

[30] [31]
Chapitre 2.
(anselme.mtc3) [32

]
Overfull \hbox (41.43452pt too wide) in paragraph at lines 1633--1633
[]\T1/cmr/bx/n/17.28 Espace ho-mo-gène et iso-trope - Mé-trique de Robertson-
 []

<t1.png, id=620, 409.53pt x 355.3275pt>
File: t1.png Graphic file (type png)
 <use t1.png>
Package pdftex.def Info: t1.png used on input line 1654.
(pdftex.def)             Requested size: 180.0pt x 156.1765pt.


LaTeX Warning: `h' float specifier changed to `ht'.


Underfull \hbox (badness 10000) in paragraph at lines 1667--1668

 []

[33]
Underfull \hbox (badness 10000) in paragraph at lines 1672--1673

 []

[34 <./t1.png>]
Underfull \hbox (badness 10000) in paragraph at lines 1679--1681

 []

[35]

LaTeX Warning: Command \^ invalid in math mode on input line 1733.

Missing character: There is no Â in font cmr12!
[36]
Underfull \hbox (badness 10000) in paragraph at lines 1769--1771

 []

[37pdfTeX warning (ext4): destination with the same identifier (name{equation.2
.2.17}) has been already used, duplicate ignored

\@EveryShipout@Output ...@Org@Shipout \box \@cclv 
                                                  
l.1784  \end{eqnarray}
                      ]
Underfull \hbox (badness 10000) in paragraph at lines 1789--1791

 []

[38] [39pdfTeX warning (ext4): destination with the same identifier (name{equat
ion.2.3.30}) has been already used, duplicate ignored

\@EveryShipout@Output ...@Org@Shipout \box \@cclv 
                                                  
l.1851 \end{eqnarray}
                     ]
Underfull \hbox (badness 10000) in paragraph at lines 1861--1863

 []


Underfull \hbox (badness 10000) in paragraph at lines 1876--1878

 []

[40pdfTeX warning (ext4): destination with the same identifier (name{equation.2
.3.33}) has been already used, duplicate ignored

\@EveryShipout@Output ...@Org@Shipout \box \@cclv 
                                                  
l.1878 \begin{eqnarray}
                       ]
Underfull \hbox (badness 10000) in paragraph at lines 1888--1889

 []


Underfull \hbox (badness 10000) in paragraph at lines 1899--1900

 []

[41] [42pdfTeX warning (ext4): destination with the same identifier (name{equat
ion.2.4.42}) has been already used, duplicate ignored

\@EveryShipout@Output ...@Org@Shipout \box \@cclv 
                                                  
l.1932   \begin{eqnarray}
                         ] [43] [44] [45]
<t2.png, id=743, 537.00626pt x 266.9975pt>
File: t2.png Graphic file (type png)
 <use t2.png>
Package pdftex.def Info: t2.png used on input line 2060.
(pdftex.def)             Requested size: 180.0pt x 89.49461pt.
 [46 <./t2.png>]
<t3.png, id=754, 479.7925pt x 292.09125pt>
File: t3.png Graphic file (type png)
 <use t3.png>
Package pdftex.def Info: t3.png used on input line 2101.
(pdftex.def)             Requested size: 180.0pt x 109.58296pt.

Overfull \hbox (12.0pt too wide) in paragraph at lines 2101--2103
[][] 
 []


LaTeX Warning: Citation `1' on page 47 undefined on input line 2103.


LaTeX Warning: Citation `1' on page 47 undefined on input line 2103.

<t4.png, id=755, 491.8375pt x 346.29375pt>
File: t4.png Graphic file (type png)
 <use t4.png>
Package pdftex.def Info: t4.png used on input line 2106.
(pdftex.def)             Requested size: 180.0pt x 126.73169pt.

Overfull \hbox (12.0pt too wide) in paragraph at lines 2106--2108
[][] 
 []


LaTeX Warning: Citation `2' on page 47 undefined on input line 2108.


LaTeX Warning: Citation `2' on page 47 undefined on input line 2108.


Underfull \hbox (badness 1490) in paragraph at lines 2108--2108
[]\T1/cmr/m/sc/12 Figure \T1/cmr/m/n/12 2.4  []Diagramme de
 []


LaTeX Warning: `h' float specifier changed to `ht'.


Underfull \hbox (badness 10000) in paragraph at lines 2117--2118

 []

[47] <t5.png, id=766, 356.33125pt x 237.88875pt>
File: t5.png Graphic file (type png)
 <use t5.png>
Package pdftex.def Info: t5.png used on input line 2137.
(pdftex.def)             Requested size: 180.0pt x 120.16734pt.


LaTeX Warning: `h' float specifier changed to `ht'.

[48 <./t3.png> <./t4.png>] [49 <./t5.png>]
Overfull \hbox (4.52788pt too wide) in paragraph at lines 2171--2173
\T1/cmr/m/n/12 Remarquons en-core que toutes ces for-mules n'ont de sens que si
 les in-té-grales convergent.
 []

<t6.png, id=782, 470.75874pt x 360.34625pt>
File: t6.png Graphic file (type png)
 <use t6.png>
Package pdftex.def Info: t6.png used on input line 2199.
(pdftex.def)             Requested size: 180.0pt x 137.77975pt.

Overfull \hbox (12.0pt too wide) in paragraph at lines 2199--2200
[][] 
 []

<t8.png, id=783, 466.74374pt x 361.35pt>
File: t8.png Graphic file (type png)
 <use t8.png>
Package pdftex.def Info: t8.png used on input line 2203.
(pdftex.def)             Requested size: 180.0pt x 139.3545pt.

Overfull \hbox (12.0pt too wide) in paragraph at lines 2203--2204
[][] 
 []


LaTeX Warning: `h' float specifier changed to `ht'.

[50] [51 <./t6.png> <./t8.png>] [52] <t9.png, id=818, 606.265pt x 365.365pt>
File: t9.png Graphic file (type png)

<use t9.png>
Package pdftex.def Info: t9.png used on input line 2314.
(pdftex.def)             Requested size: 180.0pt x 108.4786pt.

Overfull \hbox (12.0pt too wide) in paragraph at lines 2314--2315
[][] 
 []


LaTeX Warning: `h' float specifier changed to `ht'.


Underfull \hbox (badness 10000) in paragraph at lines 2327--2328

 []

<t10.png, id=819, 452.69125pt x 265.99374pt>
File: t10.png Graphic file (type png)
 <use t10.png>
Package pdftex.def Info: t10.png used on input line 2343.
(pdftex.def)             Requested size: 180.0pt x 105.76244pt.

Overfull \hbox (12.0pt too wide) in paragraph at lines 2343--2344
[][] 
 []

<t11.png, id=820, 624.3325pt x 328.22626pt>
File: t11.png Graphic file (type png)
 <use t11.png>
Package pdftex.def Info: t11.png used on input line 2347.
(pdftex.def)             Requested size: 180.0pt x 94.62724pt.

Overfull \hbox (12.0pt too wide) in paragraph at lines 2347--2348
[][] 
 []


LaTeX Warning: `h' float specifier changed to `ht'.

[53] <t12.png, id=831, 511.9125pt x 291.0875pt>
File: t12.png Graphic file (type png)
 <use t12.png>
Package pdftex.def Info: t12.png used on input line 2369.
(pdftex.def)             Requested size: 180.0pt x 102.35295pt.

Overfull \hbox (12.0pt too wide) in paragraph at lines 2369--2370
[][] 
 []

<t13.png, id=832, 493.845pt x 323.2075pt>
File: t13.png Graphic file (type png)
 <use t13.png>
Package pdftex.def Info: t13.png used on input line 2373.
(pdftex.def)             Requested size: 180.0pt x 117.80453pt.

Overfull \hbox (12.0pt too wide) in paragraph at lines 2373--2374
[][] 
 []

[54 <./t9.png> <./t10.png> <./t11.png> <./t12.png> <./t13.png>]
Chapitre 3.
(anselme.mtc4) [55

] [56] [57] [58] [59] [60] [61] [62]
<figgene1.png, id=951, 646.415pt x 559.08875pt>
File: figgene1.png Graphic file (type png)
 <use figgene1.png>
Package pdftex.def Info: figgene1.png used on input line 2755.
(pdftex.def)             Requested size: 360.0pt x 311.36429pt.


LaTeX Warning: `h' float specifier changed to `ht'.

<figgene2.png, id=956, 479.7925pt x 624.3325pt>
File: figgene2.png Graphic file (type png)
 <use figgene2.png>
Package pdftex.def Info: figgene2.png used on input line 2781.
(pdftex.def)             Requested size: 240.0pt x 312.29886pt.


LaTeX Warning: `h' float specifier changed to `ht'.

[63] [64 <./figgene1.png>] [65 <./figgene2.png>] [66]
<figgene3.png, id=1000, 631.35875pt x 559.08875pt>
File: figgene3.png Graphic file (type png)
 <use figgene3.png>
Package pdftex.def Info: figgene3.png used on input line 2896.
(pdftex.def)             Requested size: 300.0pt x 265.66374pt.


LaTeX Warning: `h' float specifier changed to `ht'.

[67] <figgene4.png, id=1011, 685.56125pt x 619.31375pt>
File: figgene4.png Graphic file (type png)
 <use figgene4.png>
Package pdftex.def Info: figgene4.png used on input line 2931.
(pdftex.def)             Requested size: 300.0pt x 271.01524pt.


LaTeX Warning: `h' float specifier changed to `ht'.

[68 <./figgene3.png>] [69 <./figgene4.png>] [70] [71] [72] [73]
Chapitre 4.
[74

] [75]
Overfull \hbox (19.60301pt too wide) in paragraph at lines 3202--3205
\T1/cmr/m/n/12 1. Ef-fet de la pres-sion sur le phé-no-mène de la super-résonan
ce en Théo-rie Néo-Newtonienne. 
 []


Underfull \hbox (badness 10000) in paragraph at lines 3202--3205

 []


Underfull \hbox (badness 10000) in paragraph at lines 3207--3211

 []

[76] [77

]pdfTeX warning (ext4): destination with the same identifier (name{cite.171}) h
as been already used, duplicate ignored
<to be read again> 
                   \relax 
l.3268 \bibitem{171}
                     Knop, R. A., Aldering, G., Amanullah, R., Astier, P., B...

Underfull \hbox (badness 8038) in paragraph at lines 3279--3292
\T1/cmr/m/n/12 C.Balland, Bar-bary, K., G.Blanc, P.J.Challis, A.Conley, N.V.Con
nolly,
 []


Underfull \hbox (badness 8038) in paragraph at lines 3279--3292
\T1/cmr/m/n/12 R.Covarrubias, K.S.Dawson, S.E.Deustua, R.Ellis, S.Fabbro, V.Fad
eyev,
 []


Underfull \hbox (badness 2057) in paragraph at lines 3279--3292
\T1/cmr/m/n/12 X.Fan, B.Farris, G.Folatelli, B.L.Frye, G.Garavini, E.L.Gates, L
.Germany,
 []


Underfull \hbox (badness 3590) in paragraph at lines 3279--3292
\T1/cmr/m/n/12 G.Goldhaber, B.Goldman, A.Goobar, D.E.Groom, J.Haissinski, D.Har
din,
 []


Underfull \hbox (badness 4886) in paragraph at lines 3279--3292
\T1/cmr/m/n/12 I.Hook, S.Kent, A.G.Kim, R.A.Knop, C.Lidman, E.V.Linder, J.Mende
z,
 []


Underfull \hbox (badness 10000) in paragraph at lines 3279--3292
\T1/cmr/m/n/12 R.Pain, O.Perdereau, S.Perlmutter, M.M.Phillips, V.Prasad, R.Qui
mby,
 []


Underfull \hbox (badness 6625) in paragraph at lines 3279--3292
\T1/cmr/m/n/12 R.A.Schommer, R.C.Smith, A.M.Soderberg, A.L.Spadafora, L.-G.Stro
lger,
 []

[78] [79]pdfTeX warning (ext4): destination with the same identifier (name{cite
.195}) has been already used, duplicate ignored
<to be read again> 
                   \relax 
l.3348 \bibitem{195}
                     M.Kowalski, D.Rubin, G.Aldering, R.J.Agostinho, A.Amado...

Underfull \hbox (badness 8038) in paragraph at lines 3348--3361
\T1/cmr/m/n/12 C.Balland, Bar-bary, K., G.Blanc, P.J.Challis, A.Conley, N.V.Con
nolly,
 []


Underfull \hbox (badness 8038) in paragraph at lines 3348--3361
\T1/cmr/m/n/12 R.Covarrubias, K.S.Dawson, S.E.Deustua, R.Ellis, S.Fabbro, V.Fad
eyev,
 []


Underfull \hbox (badness 2057) in paragraph at lines 3348--3361
\T1/cmr/m/n/12 X.Fan, B.Farris, G.Folatelli, B.L.Frye, G.Garavini, E.L.Gates, L
.Germany,
 []


Underfull \hbox (badness 3590) in paragraph at lines 3348--3361
\T1/cmr/m/n/12 G.Goldhaber, B.Goldman, A.Goobar, D.E.Groom, J.Haissinski, D.Har
din,
 []


Underfull \hbox (badness 4886) in paragraph at lines 3348--3361
\T1/cmr/m/n/12 I.Hook, S.Kent, A.G.Kim, R.A.Knop, C.Lidman, E.V.Linder, J.Mende
z,
 []


Underfull \hbox (badness 10000) in paragraph at lines 3348--3361
\T1/cmr/m/n/12 R.Pain, O.Perdereau, S.Perlmutter, M.M.Phillips, V.Prasad, R.Qui
mby,
 []


Underfull \hbox (badness 6625) in paragraph at lines 3348--3361
\T1/cmr/m/n/12 R.A.Schommer, R.C.Smith, A.M.Soderberg, A.L.Spadafora, L.-G.Stro
lger,
 []


Underfull \hbox (badness 1122) in paragraph at lines 3365--3367
[]\T1/cmr/m/n/12 Uzan, J.-P., The ac-ce-le-ra-tion of the uni-verse and the phy
-sics be-hind it,
 []

[80] [81] [82]
Package atveryend Info: Empty hook `BeforeClearDocument' on input line 3459.
Package atveryend Info: Empty hook `AfterLastShipout' on input line 3459.
 (anselme.aux (figure.aux))
Package atveryend Info: Executing hook `AtVeryEndDocument' on input line 3459.
Package atveryend Info: Executing hook `AtEndAfterFileList' on input line 3459.

Package rerunfilecheck Info: File `anselme.out' has not changed.
(rerunfilecheck)             Checksum: BF85293676ABACDCFC91137BBBA10F42;3609.


LaTeX Warning: There were undefined references.


LaTeX Warning: There were multiply-defined labels.

 ) 
Here is how much of TeX's memory you used:
 20703 strings out of 493320
 363701 string characters out of 3130300
 447757 words of memory out of 3000000
 23331 multiletter control sequences out of 15000+200000
 34253 words of font info for 95 fonts, out of 3000000 for 9000
 1141 hyphenation exceptions out of 8191
 55i,20n,54p,989b,614s stack positions out of 5000i,500n,10000p,200000b,50000s
{C:/Users/hado/AppData/Local/Programs/MiKTeX 2.9/fonts/enc/dvips/cm-super/cm-
super-t1.enc}<C:/Users/hado/AppData/Local/Programs/MiKTeX 2.9/fonts/type1/publi
c/amsfonts/cm/cmex10.pfb><C:/Users/hado/AppData/Local/Programs/MiKTeX 2.9/fonts
/type1/public/amsfonts/cm/cmmi12.pfb><C:/Users/hado/AppData/Local/Programs/MiKT
eX 2.9/fonts/type1/public/amsfonts/cm/cmmi6.pfb><C:/Users/hado/AppData/Local/Pr
ograms/MiKTeX 2.9/fonts/type1/public/amsfonts/cm/cmmi8.pfb><C:/Users/hado/AppDa
ta/Local/Programs/MiKTeX 2.9/fonts/type1/public/amsfonts/cm/cmr12.pfb><C:/Users
/hado/AppData/Local/Programs/MiKTeX 2.9/fonts/type1/public/amsfonts/cm/cmr6.pfb
><C:/Users/hado/AppData/Local/Programs/MiKTeX 2.9/fonts/type1/public/amsfonts/c
m/cmr8.pfb><C:/Users/hado/AppData/Local/Programs/MiKTeX 2.9/fonts/type1/public/
amsfonts/cm/cmsy10.pfb><C:/Users/hado/AppData/Local/Programs/MiKTeX 2.9/fonts/t
ype1/public/amsfonts/cm/cmsy8.pfb><C:/Users/hado/AppData/Local/Programs/MiKTeX 
2.9/fonts/type1/public/amsfonts/euler/eusm10.pfb><C:/Users/hado/AppData/Local/P
rograms/MiKTeX 2.9/fonts/type1/public/amsfonts/symbols/msam10.pfb><C:/Users/had
o/AppData/Local/Programs/MiKTeX 2.9/fonts/type1/public/cm-super/sfbi0600.pfb><C
:/Users/hado/AppData/Local/Programs/MiKTeX 2.9/fonts/type1/public/cm-super/sfbi
1095.pfb><C:/Users/hado/AppData/Local/Programs/MiKTeX 2.9/fonts/type1/public/cm
-super/sfbi1200.pfb><C:/Users/hado/AppData/Local/Programs/MiKTeX 2.9/fonts/type
1/public/cm-super/sfbx0600.pfb><C:/Users/hado/AppData/Local/Programs/MiKTeX 2.9
/fonts/type1/public/cm-super/sfbx1095.pfb><C:/Users/hado/AppData/Local/Programs
/MiKTeX 2.9/fonts/type1/public/cm-super/sfbx1200.pfb><C:/Users/hado/AppData/Loc
al/Programs/MiKTeX 2.9/fonts/type1/public/cm-super/sfbx1440.pfb><C:/Users/hado/
AppData/Local/Programs/MiKTeX 2.9/fonts/type1/public/cm-super/sfbx1728.pfb><C:/
Users/hado/AppData/Local/Programs/MiKTeX 2.9/fonts/type1/public/cm-super/sfbx24
88.pfb><C:/Users/hado/AppData/Local/Programs/MiKTeX 2.9/fonts/type1/public/cm-s
uper/sfcc1200.pfb><C:/Users/hado/AppData/Local/Programs/MiKTeX 2.9/fonts/type1/
public/cm-super/sfrm0800.pfb><C:/Users/hado/AppData/Local/Programs/MiKTeX 2.9/f
onts/type1/public/cm-super/sfrm1095.pfb><C:/Users/hado/AppData/Local/Programs/M
iKTeX 2.9/fonts/type1/public/cm-super/sfrm1200.pfb><C:/Users/hado/AppData/Local
/Programs/MiKTeX 2.9/fonts/type1/public/cm-super/sfsl1200.pfb><C:/Users/hado/Ap
pData/Local/Programs/MiKTeX 2.9/fonts/type1/public/cm-super/sfti1095.pfb><C:/Us
ers/hado/AppData/Local/Programs/MiKTeX 2.9/fonts/type1/public/cm-super/sfti1200
.pfb><C:/Users/hado/AppData/Local/Programs/MiKTeX 2.9/fonts/type1/public/cm-sup
er/sfxc1095.pfb><C:/Users/hado/AppData/Local/Programs/MiKTeX 2.9/fonts/type1/pu
blic/cm-super/sfxc2488.pfb>
Output written on anselme.pdf (84 pages, 1566712 bytes).
PDF statistics:
 1332 PDF objects out of 1440 (max. 8388607)
 428 named destinations out of 1000 (max. 500000)
 439 words of extra memory for PDF output out of 10000 (max. 10000000)

